<?xml version='1.0' encoding='UTF-8'?>
<testsuite hostname="e00" name="LittleMoreFunSuite" tests="1" errors="0" failures="0" skipped="0" time="0.029" timestamp="2022-08-09T11:50:25">
          <properties>
[...]
</properties>
          <testcase classname="LittleMoreFunSuite" name="Should count the characters in a string using tail recursion" time="0.029">
                      
                    </testcase>
          <system-out><![CDATA[]]></system-out>
          <system-err><![CDATA[]]></system-err>
        </testsuite>